[0.211s] Invoking command in '/home/huy/dev_ws/build/my_robot_interface': CMAKE_PREFIX_PATH=${CMAKE_PREFIX_PATH}:/home/huy/dev_ws/install/my_robot_controller:/home/huy/services_ws/install/my_services_pkg:/home/huy/ros2_ws/install/my_robot_controller:/opt/ros/humble /usr/bin/cmake --build /home/huy/dev_ws/build/my_robot_interface -- -j16 -l16
[0.233s] -- Found ament_cmake: 1.3.8 (/opt/ros/humble/share/ament_cmake/cmake)
[0.324s] -- Override CMake install command with custom implementation using symlinks instead of copying resources
[0.330s] -- Found rosidl_default_generators: 1.2.0 (/opt/ros/humble/share/rosidl_default_generators/cmake)
[0.331s] -- Using all available rosidl_typesupport_c: rosidl_typesupport_fastrtps_c;rosidl_typesupport_introspection_c
[0.333s] -- Found rosidl_adapter: 3.1.5 (/opt/ros/humble/share/rosidl_adapter/cmake)
[0.355s] -- Using all available rosidl_typesupport_cpp: rosidl_typesupport_fastrtps_cpp;rosidl_typesupport_introspection_cpp
[0.559s] -- Found ament_cmake_ros: 0.10.0 (/opt/ros/humble/share/ament_cmake_ros/cmake)
[0.698s] -- Using all available rosidl_typesupport_c: rosidl_typesupport_fastrtps_c;rosidl_typesupport_introspection_c
[0.884s] -- Using all available rosidl_typesupport_cpp: rosidl_typesupport_fastrtps_cpp;rosidl_typesupport_introspection_cpp
[0.902s] -- Found python_cmake_module: 0.10.0 (/opt/ros/humble/share/python_cmake_module/cmake)
[0.921s] -- Using PYTHON_EXECUTABLE: /usr/bin/python3
[0.921s] -- Using PYTHON_INCLUDE_DIRS: /usr/include/python3.10
[0.921s] -- Using PYTHON_LIBRARIES: /usr/lib/x86_64-linux-gnu/libpython3.10.so
[0.935s] -- Configuring done
[0.957s] -- Generating done
[0.959s] -- Build files have been written to: /home/huy/dev_ws/build/my_robot_interface
[0.983s] [  3%] [34m[1mGenerating C code for ROS interfaces[0m
[0.993s] [  6%] [34m[1mGenerating C++ code for ROS interfaces[0m
[1.002s] [  6%] Built target ament_cmake_python_symlink_my_robot_interface
[1.217s] running egg_info
[1.217s] writing my_robot_interface.egg-info/PKG-INFO
[1.218s] writing dependency_links to my_robot_interface.egg-info/dependency_links.txt
[1.218s] writing top-level names to my_robot_interface.egg-info/top_level.txt
[1.219s] reading manifest file 'my_robot_interface.egg-info/SOURCES.txt'
[1.220s] writing manifest file 'my_robot_interface.egg-info/SOURCES.txt'
[1.244s] [  6%] Built target ament_cmake_python_build_my_robot_interface_egg
[1.294s] [  6%] Built target my_robot_interface__cpp
[1.297s] [35m[1mConsolidate compiler generated dependencies of target my_robot_interface__rosidl_generator_c[0m
[1.305s] [ 16%] [34m[1mGenerating C++ type support for eProsima Fast-RTPS[0m
[1.305s] [ 16%] [34m[1mGenerating C++ type support dispatch for ROS interfaces[0m
[1.305s] [ 16%] [34m[1mGenerating C++ introspection for ROS interfaces[0m
[1.309s] [ 19%] [32mBuilding C object CMakeFiles/my_robot_interface__rosidl_generator_c.dir/rosidl_generator_c/my_robot_interface/msg/detail/servo_state__functions.c.o[0m
[1.499s] [ 22%] [32m[1mLinking C shared library libmy_robot_interface__rosidl_generator_c.so[0m
[1.521s] [35m[1mConsolidate compiler generated dependencies of target my_robot_interface__rosidl_typesupport_fastrtps_cpp[0m
[1.562s] [ 25%] [32mBuilding CXX object CMakeFiles/my_robot_interface__rosidl_typesupport_fastrtps_cpp.dir/rosidl_typesupport_fastrtps_cpp/my_robot_interface/msg/detail/dds_fastrtps/servo_state__type_support.cpp.o[0m
[1.570s] [ 25%] Built target my_robot_interface__rosidl_generator_c
[1.578s] [35m[1mConsolidate compiler generated dependencies of target my_robot_interface__rosidl_typesupport_cpp[0m
[1.581s] [ 35%] [34m[1mGenerating C type support dispatch for ROS interfaces[0m
[1.581s] [ 35%] [34m[1mGenerating C introspection for ROS interfaces[0m
[1.581s] [ 35%] [34m[1mGenerating C type support for eProsima Fast-RTPS[0m
[1.593s] [35m[1mConsolidate compiler generated dependencies of target my_robot_interface__rosidl_typesupport_introspection_cpp[0m
[1.610s] [ 41%] [32mBuilding CXX object CMakeFiles/my_robot_interface__rosidl_typesupport_cpp.dir/rosidl_typesupport_cpp/my_robot_interface/msg/servo_state__type_support.cpp.o[0m
[1.610s] [ 41%] [32mBuilding CXX object CMakeFiles/my_robot_interface__rosidl_typesupport_introspection_cpp.dir/rosidl_typesupport_introspection_cpp/my_robot_interface/msg/detail/servo_state__type_support.cpp.o[0m
[1.811s] [35m[1mConsolidate compiler generated dependencies of target my_robot_interface__rosidl_typesupport_c[0m
[1.836s] [35m[1mConsolidate compiler generated dependencies of target my_robot_interface__rosidl_typesupport_introspection_c[0m
[1.878s] [35m[1mConsolidate compiler generated dependencies of target my_robot_interface__rosidl_typesupport_fastrtps_c[0m
[1.893s] [ 51%] [32mBuilding CXX object CMakeFiles/my_robot_interface__rosidl_typesupport_c.dir/rosidl_typesupport_c/my_robot_interface/msg/servo_state__type_support.cpp.o[0m
[1.893s] [ 51%] [32mBuilding CXX object CMakeFiles/my_robot_interface__rosidl_typesupport_fastrtps_c.dir/rosidl_typesupport_fastrtps_c/my_robot_interface/msg/detail/servo_state__type_support_c.cpp.o[0m
[1.893s] [ 51%] [32mBuilding C object CMakeFiles/my_robot_interface__rosidl_typesupport_introspection_c.dir/rosidl_typesupport_introspection_c/my_robot_interface/msg/detail/servo_state__type_support.c.o[0m
[1.988s] [ 54%] [32m[1mLinking C shared library libmy_robot_interface__rosidl_typesupport_introspection_c.so[0m
[1.999s] [ 58%] [32m[1mLinking CXX shared library libmy_robot_interface__rosidl_typesupport_c.so[0m
[2.023s] [ 58%] Built target my_robot_interface__rosidl_typesupport_introspection_c
[2.046s] [ 58%] Built target my_robot_interface__rosidl_typesupport_c
[2.117s] [ 61%] [32m[1mLinking CXX shared library libmy_robot_interface__rosidl_typesupport_cpp.so[0m
[2.182s] [ 61%] Built target my_robot_interface__rosidl_typesupport_cpp
[2.223s] [ 70%] [32m[1mLinking CXX shared library libmy_robot_interface__rosidl_typesupport_fastrtps_c.so[0m
[2.223s] [ 70%] [32m[1mLinking CXX shared library libmy_robot_interface__rosidl_typesupport_fastrtps_cpp.so[0m
[2.223s] [ 70%] [32m[1mLinking CXX shared library libmy_robot_interface__rosidl_typesupport_introspection_cpp.so[0m
[2.307s] [ 70%] Built target my_robot_interface__rosidl_typesupport_introspection_cpp
[2.309s] [ 70%] Built target my_robot_interface__rosidl_typesupport_fastrtps_c
[2.309s] [ 70%] Built target my_robot_interface__rosidl_typesupport_fastrtps_cpp
[2.330s] [ 70%] Built target my_robot_interface
[2.350s] [ 74%] [34m[1mGenerating Python code for ROS interfaces[0m
[2.631s] [ 74%] Built target my_robot_interface__py
[2.640s] [35m[1mConsolidate compiler generated dependencies of target my_robot_interface__rosidl_generator_py[0m
[2.654s] [ 77%] [32mBuilding C object CMakeFiles/my_robot_interface__rosidl_generator_py.dir/rosidl_generator_py/my_robot_interface/msg/_servo_state_s.c.o[0m
[2.794s] [ 80%] [32m[1mLinking C shared library rosidl_generator_py/my_robot_interface/libmy_robot_interface__rosidl_generator_py.so[0m
[2.829s] [ 80%] Built target my_robot_interface__rosidl_generator_py
[2.839s] [35m[1mConsolidate compiler generated dependencies of target my_robot_interface__rosidl_typesupport_c__pyext[0m
[2.840s] [35m[1mConsolidate compiler generated dependencies of target my_robot_interface__rosidl_typesupport_introspection_c__pyext[0m
[2.840s] [35m[1mConsolidate compiler generated dependencies of target my_robot_interface__rosidl_typesupport_fastrtps_c__pyext[0m
[2.853s] [ 87%] [32mBuilding C object CMakeFiles/my_robot_interface__rosidl_typesupport_c__pyext.dir/rosidl_generator_py/my_robot_interface/_my_robot_interface_s.ep.rosidl_typesupport_c.c.o[0m
[2.854s] [ 87%] [32mBuilding C object CMakeFiles/my_robot_interface__rosidl_typesupport_fastrtps_c__pyext.dir/rosidl_generator_py/my_robot_interface/_my_robot_interface_s.ep.rosidl_typesupport_fastrtps_c.c.o[0m
[2.854s] [ 90%] [32mBuilding C object CMakeFiles/my_robot_interface__rosidl_typesupport_introspection_c__pyext.dir/rosidl_generator_py/my_robot_interface/_my_robot_interface_s.ep.rosidl_typesupport_introspection_c.c.o[0m
[2.924s] [ 96%] [32m[1mLinking C shared library rosidl_generator_py/my_robot_interface/my_robot_interface_s__rosidl_typesupport_c.cpython-310-x86_64-linux-gnu.so[0m
[2.924s] [ 96%] [32m[1mLinking C shared library rosidl_generator_py/my_robot_interface/my_robot_interface_s__rosidl_typesupport_introspection_c.cpython-310-x86_64-linux-gnu.so[0m
[2.930s] [100%] [32m[1mLinking C shared library rosidl_generator_py/my_robot_interface/my_robot_interface_s__rosidl_typesupport_fastrtps_c.cpython-310-x86_64-linux-gnu.so[0m
[2.959s] [100%] Built target my_robot_interface__rosidl_typesupport_introspection_c__pyext
[2.959s] [100%] Built target my_robot_interface__rosidl_typesupport_c__pyext
[2.965s] [100%] Built target my_robot_interface__rosidl_typesupport_fastrtps_c__pyext
[2.977s] Invoked command in '/home/huy/dev_ws/build/my_robot_interface' returned '0': CMAKE_PREFIX_PATH=${CMAKE_PREFIX_PATH}:/home/huy/dev_ws/install/my_robot_controller:/home/huy/services_ws/install/my_services_pkg:/home/huy/ros2_ws/install/my_robot_controller:/opt/ros/humble /usr/bin/cmake --build /home/huy/dev_ws/build/my_robot_interface -- -j16 -l16
[3.054s] Invoking command in '/home/huy/dev_ws/build/my_robot_interface': CMAKE_PREFIX_PATH=${CMAKE_PREFIX_PATH}:/home/huy/dev_ws/install/my_robot_controller:/home/huy/services_ws/install/my_services_pkg:/home/huy/ros2_ws/install/my_robot_controller:/opt/ros/humble /usr/bin/cmake --install /home/huy/dev_ws/build/my_robot_interface
[3.061s] -- Install configuration: ""
[3.061s] -- Execute custom install script
[3.061s] -- Up-to-date symlink: /home/huy/dev_ws/install/my_robot_interface/share/ament_index/resource_index/rosidl_interfaces/my_robot_interface
[3.062s] -- Up-to-date symlink: /home/huy/dev_ws/install/my_robot_interface/include/my_robot_interface/my_robot_interface/msg/detail/servo__functions.h
[3.062s] -- Up-to-date symlink: /home/huy/dev_ws/install/my_robot_interface/include/my_robot_interface/my_robot_interface/msg/detail/servo__struct.h
[3.062s] -- Up-to-date symlink: /home/huy/dev_ws/install/my_robot_interface/include/my_robot_interface/my_robot_interface/msg/detail/servo__type_support.h
[3.062s] -- Up-to-date symlink: /home/huy/dev_ws/install/my_robot_interface/include/my_robot_interface/my_robot_interface/msg/detail/servo_state__functions.h
[3.062s] -- Up-to-date symlink: /home/huy/dev_ws/install/my_robot_interface/include/my_robot_interface/my_robot_interface/msg/detail/servo_state__struct.h
[3.062s] -- Up-to-date symlink: /home/huy/dev_ws/install/my_robot_interface/include/my_robot_interface/my_robot_interface/msg/detail/servo_state__type_support.h
[3.062s] -- Up-to-date symlink: /home/huy/dev_ws/install/my_robot_interface/include/my_robot_interface/my_robot_interface/msg/rosidl_generator_c__visibility_control.h
[3.062s] -- Up-to-date symlink: /home/huy/dev_ws/install/my_robot_interface/include/my_robot_interface/my_robot_interface/msg/servo.h
[3.062s] -- Up-to-date symlink: /home/huy/dev_ws/install/my_robot_interface/include/my_robot_interface/my_robot_interface/msg/servo_state.h
[3.062s] -- Up-to-date symlink: /home/huy/dev_ws/install/my_robot_interface/share/my_robot_interface/environment/library_path.sh
[3.062s] -- Up-to-date symlink: /home/huy/dev_ws/install/my_robot_interface/share/my_robot_interface/environment/library_path.dsv
[3.063s] -- Up-to-date symlink: /home/huy/dev_ws/install/my_robot_interface/include/my_robot_interface/my_robot_interface/msg/detail/servo__rosidl_typesupport_fastrtps_c.h
[3.063s] -- Up-to-date symlink: /home/huy/dev_ws/install/my_robot_interface/include/my_robot_interface/my_robot_interface/msg/detail/servo_state__rosidl_typesupport_fastrtps_c.h
[3.063s] -- Up-to-date symlink: /home/huy/dev_ws/install/my_robot_interface/include/my_robot_interface/my_robot_interface/msg/rosidl_typesupport_fastrtps_c__visibility_control.h
[3.063s] -- Up-to-date symlink: /home/huy/dev_ws/install/my_robot_interface/include/my_robot_interface/my_robot_interface/msg/detail/servo__rosidl_typesupport_introspection_c.h
[3.063s] -- Up-to-date symlink: /home/huy/dev_ws/install/my_robot_interface/include/my_robot_interface/my_robot_interface/msg/detail/servo_state__rosidl_typesupport_introspection_c.h
[3.063s] -- Up-to-date symlink: /home/huy/dev_ws/install/my_robot_interface/include/my_robot_interface/my_robot_interface/msg/rosidl_typesupport_introspection_c__visibility_control.h
[3.064s] -- Up-to-date symlink: /home/huy/dev_ws/install/my_robot_interface/include/my_robot_interface/my_robot_interface/msg/detail/servo__builder.hpp
[3.064s] -- Up-to-date symlink: /home/huy/dev_ws/install/my_robot_interface/include/my_robot_interface/my_robot_interface/msg/detail/servo__struct.hpp
[3.064s] -- Up-to-date symlink: /home/huy/dev_ws/install/my_robot_interface/include/my_robot_interface/my_robot_interface/msg/detail/servo__traits.hpp
[3.064s] -- Up-to-date symlink: /home/huy/dev_ws/install/my_robot_interface/include/my_robot_interface/my_robot_interface/msg/detail/servo_state__builder.hpp
[3.064s] -- Up-to-date symlink: /home/huy/dev_ws/install/my_robot_interface/include/my_robot_interface/my_robot_interface/msg/detail/servo_state__struct.hpp
[3.064s] -- Up-to-date symlink: /home/huy/dev_ws/install/my_robot_interface/include/my_robot_interface/my_robot_interface/msg/detail/servo_state__traits.hpp
[3.064s] -- Up-to-date symlink: /home/huy/dev_ws/install/my_robot_interface/include/my_robot_interface/my_robot_interface/msg/servo.hpp
[3.064s] -- Up-to-date symlink: /home/huy/dev_ws/install/my_robot_interface/include/my_robot_interface/my_robot_interface/msg/servo_state.hpp
[3.065s] -- Up-to-date symlink: /home/huy/dev_ws/install/my_robot_interface/include/my_robot_interface/my_robot_interface/msg/detail/servo__rosidl_typesupport_fastrtps_cpp.hpp
[3.065s] -- Up-to-date symlink: /home/huy/dev_ws/install/my_robot_interface/include/my_robot_interface/my_robot_interface/msg/detail/servo_state__rosidl_typesupport_fastrtps_cpp.hpp
[3.065s] -- Up-to-date symlink: /home/huy/dev_ws/install/my_robot_interface/include/my_robot_interface/my_robot_interface/msg/rosidl_typesupport_fastrtps_cpp__visibility_control.h
[3.065s] -- Up-to-date symlink: /home/huy/dev_ws/install/my_robot_interface/include/my_robot_interface/my_robot_interface/msg/detail/servo__rosidl_typesupport_introspection_cpp.hpp
[3.065s] -- Up-to-date symlink: /home/huy/dev_ws/install/my_robot_interface/include/my_robot_interface/my_robot_interface/msg/detail/servo_state__rosidl_typesupport_introspection_cpp.hpp
[3.065s] -- Up-to-date symlink: /home/huy/dev_ws/install/my_robot_interface/share/my_robot_interface/environment/pythonpath.sh
[3.065s] -- Up-to-date symlink: /home/huy/dev_ws/install/my_robot_interface/share/my_robot_interface/environment/pythonpath.dsv
[3.066s] -- Up-to-date symlink: /home/huy/dev_ws/install/my_robot_interface/local/lib/python3.10/dist-packages/my_robot_interface-0.0.0-py3.10.egg-info/PKG-INFO
[3.066s] -- Up-to-date symlink: /home/huy/dev_ws/install/my_robot_interface/local/lib/python3.10/dist-packages/my_robot_interface-0.0.0-py3.10.egg-info/SOURCES.txt
[3.066s] -- Up-to-date symlink: /home/huy/dev_ws/install/my_robot_interface/local/lib/python3.10/dist-packages/my_robot_interface-0.0.0-py3.10.egg-info/dependency_links.txt
[3.066s] -- Up-to-date symlink: /home/huy/dev_ws/install/my_robot_interface/local/lib/python3.10/dist-packages/my_robot_interface-0.0.0-py3.10.egg-info/top_level.txt
[3.066s] -- Up-to-date symlink: /home/huy/dev_ws/install/my_robot_interface/local/lib/python3.10/dist-packages/my_robot_interface/__init__.py
[3.066s] -- Up-to-date symlink: /home/huy/dev_ws/install/my_robot_interface/local/lib/python3.10/dist-packages/my_robot_interface/_my_robot_interface_s.ep.rosidl_typesupport_c.c
[3.066s] -- Up-to-date symlink: /home/huy/dev_ws/install/my_robot_interface/local/lib/python3.10/dist-packages/my_robot_interface/_my_robot_interface_s.ep.rosidl_typesupport_fastrtps_c.c
[3.066s] -- Up-to-date symlink: /home/huy/dev_ws/install/my_robot_interface/local/lib/python3.10/dist-packages/my_robot_interface/_my_robot_interface_s.ep.rosidl_typesupport_introspection_c.c
[3.067s] -- Up-to-date symlink: /home/huy/dev_ws/install/my_robot_interface/local/lib/python3.10/dist-packages/my_robot_interface/libmy_robot_interface__rosidl_generator_py.so
[3.067s] -- Up-to-date symlink: /home/huy/dev_ws/install/my_robot_interface/local/lib/python3.10/dist-packages/my_robot_interface/msg/__init__.py
[3.067s] -- Up-to-date symlink: /home/huy/dev_ws/install/my_robot_interface/local/lib/python3.10/dist-packages/my_robot_interface/msg/_servo.py
[3.067s] -- Up-to-date symlink: /home/huy/dev_ws/install/my_robot_interface/local/lib/python3.10/dist-packages/my_robot_interface/msg/_servo_s.c
[3.067s] -- Up-to-date symlink: /home/huy/dev_ws/install/my_robot_interface/local/lib/python3.10/dist-packages/my_robot_interface/msg/_servo_state.py
[3.067s] -- Up-to-date symlink: /home/huy/dev_ws/install/my_robot_interface/local/lib/python3.10/dist-packages/my_robot_interface/msg/_servo_state_s.c
[3.067s] -- Up-to-date symlink: /home/huy/dev_ws/install/my_robot_interface/local/lib/python3.10/dist-packages/my_robot_interface/my_robot_interface_s__rosidl_typesupport_c.cpython-310-x86_64-linux-gnu.so
[3.067s] -- Up-to-date symlink: /home/huy/dev_ws/install/my_robot_interface/local/lib/python3.10/dist-packages/my_robot_interface/my_robot_interface_s__rosidl_typesupport_fastrtps_c.cpython-310-x86_64-linux-gnu.so
[3.067s] -- Up-to-date symlink: /home/huy/dev_ws/install/my_robot_interface/local/lib/python3.10/dist-packages/my_robot_interface/my_robot_interface_s__rosidl_typesupport_introspection_c.cpython-310-x86_64-linux-gnu.so
[3.068s] -- Up-to-date symlink: /home/huy/dev_ws/install/my_robot_interface/local/lib/python3.10/dist-packages/my_robot_interface/my_robot_interface_s__rosidl_typesupport_fastrtps_c.cpython-310-x86_64-linux-gnu.so
[3.068s] -- Up-to-date symlink: /home/huy/dev_ws/install/my_robot_interface/local/lib/python3.10/dist-packages/my_robot_interface/my_robot_interface_s__rosidl_typesupport_introspection_c.cpython-310-x86_64-linux-gnu.so
[3.068s] -- Up-to-date symlink: /home/huy/dev_ws/install/my_robot_interface/local/lib/python3.10/dist-packages/my_robot_interface/my_robot_interface_s__rosidl_typesupport_c.cpython-310-x86_64-linux-gnu.so
[3.068s] -- Up-to-date symlink: /home/huy/dev_ws/install/my_robot_interface/share/my_robot_interface/msg/ServoState.idl
[3.068s] -- Up-to-date symlink: /home/huy/dev_ws/install/my_robot_interface/share/my_robot_interface/msg/ServoState.msg
[3.068s] -- Up-to-date symlink: /home/huy/dev_ws/install/my_robot_interface/share/ament_index/resource_index/package_run_dependencies/my_robot_interface
[3.068s] -- Up-to-date symlink: /home/huy/dev_ws/install/my_robot_interface/share/ament_index/resource_index/parent_prefix_path/my_robot_interface
[3.069s] -- Up-to-date symlink: /home/huy/dev_ws/install/my_robot_interface/share/my_robot_interface/environment/ament_prefix_path.sh
[3.069s] -- Up-to-date symlink: /home/huy/dev_ws/install/my_robot_interface/share/my_robot_interface/environment/ament_prefix_path.dsv
[3.069s] -- Up-to-date symlink: /home/huy/dev_ws/install/my_robot_interface/share/my_robot_interface/environment/path.sh
[3.069s] -- Up-to-date symlink: /home/huy/dev_ws/install/my_robot_interface/share/my_robot_interface/environment/path.dsv
[3.069s] -- Up-to-date symlink: /home/huy/dev_ws/install/my_robot_interface/share/my_robot_interface/local_setup.bash
[3.069s] -- Up-to-date symlink: /home/huy/dev_ws/install/my_robot_interface/share/my_robot_interface/local_setup.sh
[3.069s] -- Up-to-date symlink: /home/huy/dev_ws/install/my_robot_interface/share/my_robot_interface/local_setup.zsh
[3.069s] -- Up-to-date symlink: /home/huy/dev_ws/install/my_robot_interface/share/my_robot_interface/local_setup.dsv
[3.069s] -- Symlinking: /home/huy/dev_ws/install/my_robot_interface/share/my_robot_interface/package.dsv
[3.079s] -- Up-to-date symlink: /home/huy/dev_ws/install/my_robot_interface/share/ament_index/resource_index/packages/my_robot_interface
[3.079s] -- Up-to-date symlink: /home/huy/dev_ws/install/my_robot_interface/share/my_robot_interface/cmake/rosidl_cmake-extras.cmake
[3.079s] -- Up-to-date symlink: /home/huy/dev_ws/install/my_robot_interface/share/my_robot_interface/cmake/ament_cmake_export_include_directories-extras.cmake
[3.079s] -- Up-to-date symlink: /home/huy/dev_ws/install/my_robot_interface/share/my_robot_interface/cmake/ament_cmake_export_libraries-extras.cmake
[3.079s] -- Up-to-date symlink: /home/huy/dev_ws/install/my_robot_interface/share/my_robot_interface/cmake/ament_cmake_export_targets-extras.cmake
[3.079s] -- Up-to-date symlink: /home/huy/dev_ws/install/my_robot_interface/share/my_robot_interface/cmake/rosidl_cmake_export_typesupport_targets-extras.cmake
[3.079s] -- Up-to-date symlink: /home/huy/dev_ws/install/my_robot_interface/share/my_robot_interface/cmake/ament_cmake_export_dependencies-extras.cmake
[3.079s] -- Up-to-date symlink: /home/huy/dev_ws/install/my_robot_interface/share/my_robot_interface/cmake/rosidl_cmake_export_typesupport_libraries-extras.cmake
[3.080s] -- Up-to-date symlink: /home/huy/dev_ws/install/my_robot_interface/share/my_robot_interface/cmake/my_robot_interfaceConfig.cmake
[3.080s] -- Up-to-date symlink: /home/huy/dev_ws/install/my_robot_interface/share/my_robot_interface/cmake/my_robot_interfaceConfig-version.cmake
[3.080s] -- Up-to-date symlink: /home/huy/dev_ws/install/my_robot_interface/share/my_robot_interface/package.xml
[3.080s] -- Installing: /home/huy/dev_ws/install/my_robot_interface/lib/libmy_robot_interface__rosidl_generator_c.so
[3.080s] -- Set runtime path of "/home/huy/dev_ws/install/my_robot_interface/lib/libmy_robot_interface__rosidl_generator_c.so" to ""
[3.080s] -- Installing: /home/huy/dev_ws/install/my_robot_interface/lib/libmy_robot_interface__rosidl_typesupport_fastrtps_c.so
[3.081s] -- Set runtime path of "/home/huy/dev_ws/install/my_robot_interface/lib/libmy_robot_interface__rosidl_typesupport_fastrtps_c.so" to ""
[3.081s] -- Installing: /home/huy/dev_ws/install/my_robot_interface/lib/libmy_robot_interface__rosidl_typesupport_introspection_c.so
[3.081s] -- Set runtime path of "/home/huy/dev_ws/install/my_robot_interface/lib/libmy_robot_interface__rosidl_typesupport_introspection_c.so" to ""
[3.081s] -- Installing: /home/huy/dev_ws/install/my_robot_interface/lib/libmy_robot_interface__rosidl_typesupport_c.so
[3.082s] -- Set runtime path of "/home/huy/dev_ws/install/my_robot_interface/lib/libmy_robot_interface__rosidl_typesupport_c.so" to ""
[3.082s] -- Installing: /home/huy/dev_ws/install/my_robot_interface/lib/libmy_robot_interface__rosidl_typesupport_fastrtps_cpp.so
[3.082s] -- Set runtime path of "/home/huy/dev_ws/install/my_robot_interface/lib/libmy_robot_interface__rosidl_typesupport_fastrtps_cpp.so" to ""
[3.082s] -- Installing: /home/huy/dev_ws/install/my_robot_interface/lib/libmy_robot_interface__rosidl_typesupport_introspection_cpp.so
[3.082s] -- Set runtime path of "/home/huy/dev_ws/install/my_robot_interface/lib/libmy_robot_interface__rosidl_typesupport_introspection_cpp.so" to ""
[3.083s] -- Installing: /home/huy/dev_ws/install/my_robot_interface/lib/libmy_robot_interface__rosidl_typesupport_cpp.so
[3.083s] -- Set runtime path of "/home/huy/dev_ws/install/my_robot_interface/lib/libmy_robot_interface__rosidl_typesupport_cpp.so" to ""
[3.109s] Listing '/home/huy/dev_ws/install/my_robot_interface/local/lib/python3.10/dist-packages/my_robot_interface'...
[3.109s] Compiling '/home/huy/dev_ws/install/my_robot_interface/local/lib/python3.10/dist-packages/my_robot_interface/__init__.py'...
[3.109s] Listing '/home/huy/dev_ws/install/my_robot_interface/local/lib/python3.10/dist-packages/my_robot_interface/msg'...
[3.109s] Compiling '/home/huy/dev_ws/install/my_robot_interface/local/lib/python3.10/dist-packages/my_robot_interface/msg/__init__.py'...
[3.109s] Compiling '/home/huy/dev_ws/install/my_robot_interface/local/lib/python3.10/dist-packages/my_robot_interface/msg/_servo_state.py'...
[3.112s] -- Installing: /home/huy/dev_ws/install/my_robot_interface/lib/libmy_robot_interface__rosidl_generator_py.so
[3.113s] -- Set runtime path of "/home/huy/dev_ws/install/my_robot_interface/lib/libmy_robot_interface__rosidl_generator_py.so" to ""
[3.113s] -- Up-to-date: /home/huy/dev_ws/install/my_robot_interface/share/my_robot_interface/cmake/export_my_robot_interface__rosidl_generator_cExport.cmake
[3.113s] -- Up-to-date: /home/huy/dev_ws/install/my_robot_interface/share/my_robot_interface/cmake/export_my_robot_interface__rosidl_generator_cExport-noconfig.cmake
[3.113s] -- Up-to-date: /home/huy/dev_ws/install/my_robot_interface/share/my_robot_interface/cmake/export_my_robot_interface__rosidl_typesupport_fastrtps_cExport.cmake
[3.113s] -- Up-to-date: /home/huy/dev_ws/install/my_robot_interface/share/my_robot_interface/cmake/export_my_robot_interface__rosidl_typesupport_fastrtps_cExport-noconfig.cmake
[3.113s] -- Up-to-date: /home/huy/dev_ws/install/my_robot_interface/share/my_robot_interface/cmake/my_robot_interface__rosidl_typesupport_introspection_cExport.cmake
[3.113s] -- Up-to-date: /home/huy/dev_ws/install/my_robot_interface/share/my_robot_interface/cmake/my_robot_interface__rosidl_typesupport_introspection_cExport-noconfig.cmake
[3.113s] -- Up-to-date: /home/huy/dev_ws/install/my_robot_interface/share/my_robot_interface/cmake/my_robot_interface__rosidl_typesupport_cExport.cmake
[3.114s] -- Up-to-date: /home/huy/dev_ws/install/my_robot_interface/share/my_robot_interface/cmake/my_robot_interface__rosidl_typesupport_cExport-noconfig.cmake
[3.114s] -- Up-to-date: /home/huy/dev_ws/install/my_robot_interface/share/my_robot_interface/cmake/export_my_robot_interface__rosidl_generator_cppExport.cmake
[3.114s] -- Up-to-date: /home/huy/dev_ws/install/my_robot_interface/share/my_robot_interface/cmake/export_my_robot_interface__rosidl_typesupport_fastrtps_cppExport.cmake
[3.114s] -- Up-to-date: /home/huy/dev_ws/install/my_robot_interface/share/my_robot_interface/cmake/export_my_robot_interface__rosidl_typesupport_fastrtps_cppExport-noconfig.cmake
[3.114s] -- Up-to-date: /home/huy/dev_ws/install/my_robot_interface/share/my_robot_interface/cmake/my_robot_interface__rosidl_typesupport_introspection_cppExport.cmake
[3.114s] -- Up-to-date: /home/huy/dev_ws/install/my_robot_interface/share/my_robot_interface/cmake/my_robot_interface__rosidl_typesupport_introspection_cppExport-noconfig.cmake
[3.114s] -- Up-to-date: /home/huy/dev_ws/install/my_robot_interface/share/my_robot_interface/cmake/my_robot_interface__rosidl_typesupport_cppExport.cmake
[3.114s] -- Up-to-date: /home/huy/dev_ws/install/my_robot_interface/share/my_robot_interface/cmake/my_robot_interface__rosidl_typesupport_cppExport-noconfig.cmake
[3.114s] -- Up-to-date: /home/huy/dev_ws/install/my_robot_interface/share/my_robot_interface/cmake/export_my_robot_interface__rosidl_generator_pyExport.cmake
[3.114s] -- Up-to-date: /home/huy/dev_ws/install/my_robot_interface/share/my_robot_interface/cmake/export_my_robot_interface__rosidl_generator_pyExport-noconfig.cmake
[3.116s] Invoked command in '/home/huy/dev_ws/build/my_robot_interface' returned '0': CMAKE_PREFIX_PATH=${CMAKE_PREFIX_PATH}:/home/huy/dev_ws/install/my_robot_controller:/home/huy/services_ws/install/my_services_pkg:/home/huy/ros2_ws/install/my_robot_controller:/opt/ros/humble /usr/bin/cmake --install /home/huy/dev_ws/build/my_robot_interface
