[0.211s] Invoking command in '/home/huy/dev_ws/build/my_robot_interface': CMAKE_PREFIX_PATH=${CMAKE_PREFIX_PATH}:/home/huy/services_ws/install/my_services_pkg:/home/huy/ros2_ws/install/my_robot_controller:/opt/ros/humble /usr/bin/cmake /home/huy/dev_ws/src/my_robot_interface -DAMENT_CMAKE_SYMLINK_INSTALL=1 -DCMAKE_INSTALL_PREFIX=/home/huy/dev_ws/install/my_robot_interface
[0.222s] -- Found ament_cmake: 1.3.8 (/opt/ros/humble/share/ament_cmake/cmake)
[0.312s] -- Override CMake install command with custom implementation using symlinks instead of copying resources
[0.317s] -- Found rosidl_default_generators: 1.2.0 (/opt/ros/humble/share/rosidl_default_generators/cmake)
[0.318s] -- Using all available rosidl_typesupport_c: rosidl_typesupport_fastrtps_c;rosidl_typesupport_introspection_c
[0.320s] -- Found rosidl_adapter: 3.1.5 (/opt/ros/humble/share/rosidl_adapter/cmake)
[0.342s] -- Using all available rosidl_typesupport_cpp: rosidl_typesupport_fastrtps_cpp;rosidl_typesupport_introspection_cpp
[0.488s] [31mCMake Error at /opt/ros/humble/share/rosidl_adapter/cmake/rosidl_adapt_interfaces.cmake:59 (message):
[0.488s]   execute_process(/usr/bin/python3 -m rosidl_adapter --package-name
[0.488s]   my_robot_interface --arguments-file
[0.488s]   /home/huy/dev_ws/build/my_robot_interface/rosidl_adapter__arguments__my_robot_interface.json
[0.488s]   --output-dir
[0.488s]   /home/huy/dev_ws/build/my_robot_interface/rosidl_adapter/my_robot_interface
[0.488s]   --output-file
[0.489s]   /home/huy/dev_ws/build/my_robot_interface/rosidl_adapter/my_robot_interface.idls)
[0.489s]   returned error code 1:
[0.489s] 
[0.489s]   Traceback (most recent call last):
[0.489s] 
[0.489s]     File "/usr/lib/python3.10/runpy.py", line 196, in _run_module_as_main
[0.489s]       return _run_code(code, main_globals, None,
[0.489s]     File "/usr/lib/python3.10/runpy.py", line 86, in _run_code
[0.489s]       exec(code, run_globals)
[0.489s]     File "/opt/ros/humble/local/lib/python3.10/dist-packages/rosidl_adapter/__main__.py", line 19, in <module>
[0.489s]       sys.exit(main())
[0.489s]     File "/opt/ros/humble/local/lib/python3.10/dist-packages/rosidl_adapter/main.py", line 53, in main
[0.489s]       abs_idl_file = convert_to_idl(
[0.489s]     File "/opt/ros/humble/local/lib/python3.10/dist-packages/rosidl_adapter/__init__.py", line 19, in convert_to_idl
[0.489s]       return convert_msg_to_idl(
[0.489s]     File "/opt/ros/humble/local/lib/python3.10/dist-packages/rosidl_adapter/msg/__init__.py", line 28, in convert_msg_to_idl
[0.489s]       msg = parse_message_string(package_name, input_file.stem, content)
[0.489s]     File "/opt/ros/humble/local/lib/python3.10/dist-packages/rosidl_adapter/parser.py", line 544, in parse_message_string
[0.489s]       msg = MessageSpecification(pkg_name, msg_name, fields, constants)
[0.489s]     File "/opt/ros/humble/local/lib/python3.10/dist-packages/rosidl_adapter/parser.py", line 388, in __init__
[0.490s]       self.base_type = BaseType(
[0.490s]     File "/opt/ros/humble/local/lib/python3.10/dist-packages/rosidl_adapter/parser.py", line 205, in __init__
[0.490s]       raise InvalidResourceName(
[0.490s] 
[0.490s]   rosidl_adapter.parser.InvalidResourceName: 'servo' is an invalid message
[0.490s]   name.  It should have the pattern '^[A-Z][A-Za-z0-9]*$'
[0.490s] 
[0.490s] Call Stack (most recent call first):
[0.490s]   /opt/ros/humble/share/rosidl_cmake/cmake/rosidl_generate_interfaces.cmake:130 (rosidl_adapt_interfaces)
[0.490s]   CMakeLists.txt:15 (rosidl_generate_interfaces)
[0.490s] 
[0.490s] [0m
[0.490s] -- Configuring incomplete, errors occurred!
[0.490s] See also "/home/huy/dev_ws/build/my_robot_interface/CMakeFiles/CMakeOutput.log".
[0.494s] Invoked command in '/home/huy/dev_ws/build/my_robot_interface' returned '1': CMAKE_PREFIX_PATH=${CMAKE_PREFIX_PATH}:/home/huy/services_ws/install/my_services_pkg:/home/huy/ros2_ws/install/my_robot_controller:/opt/ros/humble /usr/bin/cmake /home/huy/dev_ws/src/my_robot_interface -DAMENT_CMAKE_SYMLINK_INSTALL=1 -DCMAKE_INSTALL_PREFIX=/home/huy/dev_ws/install/my_robot_interface
