[0.212s] Invoking command in '/home/huy/dev_ws/build/my_robot_interface': CMAKE_PREFIX_PATH=${CMAKE_PREFIX_PATH}:/home/huy/services_ws/install/my_services_pkg:/home/huy/ros2_ws/install/my_robot_controller:/opt/ros/humble /usr/bin/cmake /home/huy/dev_ws/src/my_robot_interface -DAMENT_CMAKE_SYMLINK_INSTALL=1 -DCMAKE_INSTALL_PREFIX=/home/huy/dev_ws/install/my_robot_interface
[1.251s] -- The C compiler identification is GNU 11.4.0
[1.615s] -- The CXX compiler identification is GNU 11.4.0
[1.626s] -- Detecting C compiler ABI info
[1.800s] -- Detecting C compiler ABI info - done
[1.805s] -- Check for working C compiler: /usr/bin/cc - skipped
[1.805s] -- Detecting C compile features
[1.821s] -- Detecting C compile features - done
[1.825s] -- Detecting CXX compiler ABI info
[1.974s] -- Detecting CXX compiler ABI info - done
[1.979s] -- Check for working CXX compiler: /usr/bin/c++ - skipped
[1.979s] -- Detecting CXX compile features
[1.979s] -- Detecting CXX compile features - done
[2.237s] -- Found ament_cmake: 1.3.8 (/opt/ros/humble/share/ament_cmake/cmake)
[2.476s] -- Found Python3: /usr/bin/python3 (found version "3.10.12") found components: Interpreter 
[2.563s] -- Override CMake install command with custom implementation using symlinks instead of copying resources
[2.689s] -- Found rosidl_default_generators: 1.2.0 (/opt/ros/humble/share/rosidl_default_generators/cmake)
[2.751s] -- Using all available rosidl_typesupport_c: rosidl_typesupport_fastrtps_c;rosidl_typesupport_introspection_c
[2.820s] -- Found rosidl_adapter: 3.1.5 (/opt/ros/humble/share/rosidl_adapter/cmake)
[2.959s] -- Using all available rosidl_typesupport_cpp: rosidl_typesupport_fastrtps_cpp;rosidl_typesupport_introspection_cpp
[3.086s] [31mCMake Error at /opt/ros/humble/share/rosidl_cmake/cmake/rosidl_generate_interfaces.cmake:93 (message):
[3.086s]   rosidl_generate_interfaces() the passed file 'msg/HardwareStatus.msg'
[3.086s]   doesn't exist relative to the CMAKE_CURRENT_SOURCE_DIR
[3.086s]   '/home/huy/dev_ws/src/my_robot_interface'
[3.086s] Call Stack (most recent call first):
[3.086s]   CMakeLists.txt:15 (rosidl_generate_interfaces)
[3.086s] 
[3.086s] [0m
[3.086s] -- Configuring incomplete, errors occurred!
[3.086s] See also "/home/huy/dev_ws/build/my_robot_interface/CMakeFiles/CMakeOutput.log".
[3.091s] Invoked command in '/home/huy/dev_ws/build/my_robot_interface' returned '1': CMAKE_PREFIX_PATH=${CMAKE_PREFIX_PATH}:/home/huy/services_ws/install/my_services_pkg:/home/huy/ros2_ws/install/my_robot_controller:/opt/ros/humble /usr/bin/cmake /home/huy/dev_ws/src/my_robot_interface -DAMENT_CMAKE_SYMLINK_INSTALL=1 -DCMAKE_INSTALL_PREFIX=/home/huy/dev_ws/install/my_robot_interface
