running develop
running egg_info
creating my_robot_controller.egg-info
writing my_robot_controller.egg-info/PKG-INFO
writing dependency_links to my_robot_controller.egg-info/dependency_links.txt
writing entry points to my_robot_controller.egg-info/entry_points.txt
writing requirements to my_robot_controller.egg-info/requires.txt
writing top-level names to my_robot_controller.egg-info/top_level.txt
writing manifest file 'my_robot_controller.egg-info/SOURCES.txt'
reading manifest file 'my_robot_controller.egg-info/SOURCES.txt'
writing manifest file 'my_robot_controller.egg-info/SOURCES.txt'
running build_ext
Creating /home/huy/dev_ws/install/my_robot_controller/lib/python3.10/site-packages/my-robot-controller.egg-link (link to .)

Installed /home/huy/dev_ws/build/my_robot_controller
running symlink_data
creating /home/huy/dev_ws/install/my_robot_controller/share/ament_index
creating /home/huy/dev_ws/install/my_robot_controller/share/ament_index/resource_index
creating /home/huy/dev_ws/install/my_robot_controller/share/ament_index/resource_index/packages
symbolically linking /home/huy/dev_ws/build/my_robot_controller/resource/my_robot_controller -> /home/huy/dev_ws/install/my_robot_controller/share/ament_index/resource_index/packages
symbolically linking /home/huy/dev_ws/build/my_robot_controller/package.xml -> /home/huy/dev_ws/install/my_robot_controller/share/my_robot_controller
