[0.484s] Invoking command in '/home/huy/dev_ws/build/my_robot_controller': PYTHONPATH=/home/huy/dev_ws/build/my_robot_controller/prefix_override:/home/huy/dev_ws/install/my_robot_controller/lib/python3.10/site-packages:${PYTHONPATH} /usr/bin/python3 -W ignore:setup.py install is deprecated setup.py develop --editable --build-directory /home/huy/dev_ws/build/my_robot_controller/build --no-deps symlink_data
[0.691s] running develop
[0.823s] running egg_info
[0.823s] creating my_robot_controller.egg-info
[0.823s] writing my_robot_controller.egg-info/PKG-INFO
[0.823s] writing dependency_links to my_robot_controller.egg-info/dependency_links.txt
[0.823s] writing entry points to my_robot_controller.egg-info/entry_points.txt
[0.823s] writing requirements to my_robot_controller.egg-info/requires.txt
[0.823s] writing top-level names to my_robot_controller.egg-info/top_level.txt
[0.823s] writing manifest file 'my_robot_controller.egg-info/SOURCES.txt'
[0.824s] reading manifest file 'my_robot_controller.egg-info/SOURCES.txt'
[0.825s] writing manifest file 'my_robot_controller.egg-info/SOURCES.txt'
[0.826s] running build_ext
[0.826s] Creating /home/huy/dev_ws/install/my_robot_controller/lib/python3.10/site-packages/my-robot-controller.egg-link (link to .)
[0.826s] 
[0.826s] Installed /home/huy/dev_ws/build/my_robot_controller
[0.827s] running symlink_data
[0.827s] creating /home/huy/dev_ws/install/my_robot_controller/share/ament_index
[0.827s] creating /home/huy/dev_ws/install/my_robot_controller/share/ament_index/resource_index
[0.827s] creating /home/huy/dev_ws/install/my_robot_controller/share/ament_index/resource_index/packages
[0.827s] symbolically linking /home/huy/dev_ws/build/my_robot_controller/resource/my_robot_controller -> /home/huy/dev_ws/install/my_robot_controller/share/ament_index/resource_index/packages
[0.827s] symbolically linking /home/huy/dev_ws/build/my_robot_controller/package.xml -> /home/huy/dev_ws/install/my_robot_controller/share/my_robot_controller
[0.849s] Invoked command in '/home/huy/dev_ws/build/my_robot_controller' returned '0': PYTHONPATH=/home/huy/dev_ws/build/my_robot_controller/prefix_override:/home/huy/dev_ws/install/my_robot_controller/lib/python3.10/site-packages:${PYTHONPATH} /usr/bin/python3 -W ignore:setup.py install is deprecated setup.py develop --editable --build-directory /home/huy/dev_ws/build/my_robot_controller/build --no-deps symlink_data
