[0.211s] Invoking command in '/home/huy/dev_ws/build/my_robot_interface': CMAKE_PREFIX_PATH=${CMAKE_PREFIX_PATH}:/home/huy/dev_ws/install/my_robot_controller:/home/huy/services_ws/install/my_services_pkg:/home/huy/ros2_ws/install/my_robot_controller:/opt/ros/humble /usr/bin/cmake --build /home/huy/dev_ws/build/my_robot_interface -- -j16 -l16
[0.251s] [35m[1mConsolidate compiler generated dependencies of target my_robot_interface__rosidl_generator_c[0m
[0.261s] [  3%] Built target my_robot_interface__cpp
[0.262s] [ 12%] Built target my_robot_interface__rosidl_generator_c
[0.271s] [ 12%] Built target ament_cmake_python_symlink_my_robot_interface
[0.273s] [35m[1mConsolidate compiler generated dependencies of target my_robot_interface__rosidl_typesupport_fastrtps_cpp[0m
[0.273s] [35m[1mConsolidate compiler generated dependencies of target my_robot_interface__rosidl_typesupport_cpp[0m
[0.273s] [35m[1mConsolidate compiler generated dependencies of target my_robot_interface__rosidl_typesupport_introspection_cpp[0m
[0.284s] [35m[1mConsolidate compiler generated dependencies of target my_robot_interface__rosidl_typesupport_c[0m
[0.285s] [35m[1mConsolidate compiler generated dependencies of target my_robot_interface__rosidl_typesupport_introspection_c[0m
[0.285s] [35m[1mConsolidate compiler generated dependencies of target my_robot_interface__rosidl_typesupport_fastrtps_c[0m
[0.287s] [ 41%] Built target my_robot_interface__rosidl_typesupport_cpp
[0.287s] [ 41%] Built target my_robot_interface__rosidl_typesupport_fastrtps_cpp
[0.287s] [ 41%] Built target my_robot_interface__rosidl_typesupport_introspection_cpp
[0.296s] [ 61%] Built target my_robot_interface__rosidl_typesupport_introspection_c
[0.296s] [ 61%] Built target my_robot_interface__rosidl_typesupport_c
[0.298s] [ 70%] Built target my_robot_interface__rosidl_typesupport_fastrtps_c
[0.320s] [ 70%] Built target my_robot_interface
[0.344s] [ 74%] Built target my_robot_interface__py
[0.355s] [35m[1mConsolidate compiler generated dependencies of target my_robot_interface__rosidl_generator_py[0m
[0.369s] [ 80%] Built target my_robot_interface__rosidl_generator_py
[0.381s] [35m[1mConsolidate compiler generated dependencies of target my_robot_interface__rosidl_typesupport_introspection_c__pyext[0m
[0.381s] [35m[1mConsolidate compiler generated dependencies of target my_robot_interface__rosidl_typesupport_c__pyext[0m
[0.381s] [35m[1mConsolidate compiler generated dependencies of target my_robot_interface__rosidl_typesupport_fastrtps_c__pyext[0m
[0.404s] [100%] Built target my_robot_interface__rosidl_typesupport_introspection_c__pyext
[0.404s] [100%] Built target my_robot_interface__rosidl_typesupport_c__pyext
[0.405s] [100%] Built target my_robot_interface__rosidl_typesupport_fastrtps_c__pyext
[0.479s] running egg_info
[0.480s] writing my_robot_interface.egg-info/PKG-INFO
[0.480s] writing dependency_links to my_robot_interface.egg-info/dependency_links.txt
[0.480s] writing top-level names to my_robot_interface.egg-info/top_level.txt
[0.482s] reading manifest file 'my_robot_interface.egg-info/SOURCES.txt'
[0.482s] writing manifest file 'my_robot_interface.egg-info/SOURCES.txt'
[0.506s] [100%] Built target ament_cmake_python_build_my_robot_interface_egg
[0.518s] Invoked command in '/home/huy/dev_ws/build/my_robot_interface' returned '0': CMAKE_PREFIX_PATH=${CMAKE_PREFIX_PATH}:/home/huy/dev_ws/install/my_robot_controller:/home/huy/services_ws/install/my_services_pkg:/home/huy/ros2_ws/install/my_robot_controller:/opt/ros/humble /usr/bin/cmake --build /home/huy/dev_ws/build/my_robot_interface -- -j16 -l16
[0.596s] Invoking command in '/home/huy/dev_ws/build/my_robot_interface': CMAKE_PREFIX_PATH=${CMAKE_PREFIX_PATH}:/home/huy/dev_ws/install/my_robot_controller:/home/huy/services_ws/install/my_services_pkg:/home/huy/ros2_ws/install/my_robot_controller:/opt/ros/humble /usr/bin/cmake --install /home/huy/dev_ws/build/my_robot_interface
[0.603s] -- Install configuration: ""
[0.603s] -- Execute custom install script
[0.603s] -- Up-to-date symlink: /home/huy/dev_ws/install/my_robot_interface/share/ament_index/resource_index/rosidl_interfaces/my_robot_interface
[0.604s] -- Up-to-date symlink: /home/huy/dev_ws/install/my_robot_interface/include/my_robot_interface/my_robot_interface/msg/detail/servo__functions.h
[0.604s] -- Up-to-date symlink: /home/huy/dev_ws/install/my_robot_interface/include/my_robot_interface/my_robot_interface/msg/detail/servo__struct.h
[0.604s] -- Up-to-date symlink: /home/huy/dev_ws/install/my_robot_interface/include/my_robot_interface/my_robot_interface/msg/detail/servo__type_support.h
[0.604s] -- Up-to-date symlink: /home/huy/dev_ws/install/my_robot_interface/include/my_robot_interface/my_robot_interface/msg/detail/servo_state__functions.h
[0.604s] -- Up-to-date symlink: /home/huy/dev_ws/install/my_robot_interface/include/my_robot_interface/my_robot_interface/msg/detail/servo_state__struct.h
[0.604s] -- Up-to-date symlink: /home/huy/dev_ws/install/my_robot_interface/include/my_robot_interface/my_robot_interface/msg/detail/servo_state__type_support.h
[0.604s] -- Up-to-date symlink: /home/huy/dev_ws/install/my_robot_interface/include/my_robot_interface/my_robot_interface/msg/rosidl_generator_c__visibility_control.h
[0.604s] -- Up-to-date symlink: /home/huy/dev_ws/install/my_robot_interface/include/my_robot_interface/my_robot_interface/msg/servo.h
[0.604s] -- Up-to-date symlink: /home/huy/dev_ws/install/my_robot_interface/include/my_robot_interface/my_robot_interface/msg/servo_state.h
[0.605s] -- Up-to-date symlink: /home/huy/dev_ws/install/my_robot_interface/share/my_robot_interface/environment/library_path.sh
[0.605s] -- Up-to-date symlink: /home/huy/dev_ws/install/my_robot_interface/share/my_robot_interface/environment/library_path.dsv
[0.605s] -- Up-to-date symlink: /home/huy/dev_ws/install/my_robot_interface/include/my_robot_interface/my_robot_interface/msg/detail/servo__rosidl_typesupport_fastrtps_c.h
[0.605s] -- Up-to-date symlink: /home/huy/dev_ws/install/my_robot_interface/include/my_robot_interface/my_robot_interface/msg/detail/servo_state__rosidl_typesupport_fastrtps_c.h
[0.605s] -- Up-to-date symlink: /home/huy/dev_ws/install/my_robot_interface/include/my_robot_interface/my_robot_interface/msg/rosidl_typesupport_fastrtps_c__visibility_control.h
[0.605s] -- Up-to-date symlink: /home/huy/dev_ws/install/my_robot_interface/include/my_robot_interface/my_robot_interface/msg/detail/servo__rosidl_typesupport_introspection_c.h
[0.605s] -- Up-to-date symlink: /home/huy/dev_ws/install/my_robot_interface/include/my_robot_interface/my_robot_interface/msg/detail/servo_state__rosidl_typesupport_introspection_c.h
[0.606s] -- Up-to-date symlink: /home/huy/dev_ws/install/my_robot_interface/include/my_robot_interface/my_robot_interface/msg/rosidl_typesupport_introspection_c__visibility_control.h
[0.606s] -- Up-to-date symlink: /home/huy/dev_ws/install/my_robot_interface/include/my_robot_interface/my_robot_interface/msg/detail/servo__builder.hpp
[0.606s] -- Up-to-date symlink: /home/huy/dev_ws/install/my_robot_interface/include/my_robot_interface/my_robot_interface/msg/detail/servo__struct.hpp
[0.606s] -- Up-to-date symlink: /home/huy/dev_ws/install/my_robot_interface/include/my_robot_interface/my_robot_interface/msg/detail/servo__traits.hpp
[0.606s] -- Up-to-date symlink: /home/huy/dev_ws/install/my_robot_interface/include/my_robot_interface/my_robot_interface/msg/detail/servo_state__builder.hpp
[0.606s] -- Up-to-date symlink: /home/huy/dev_ws/install/my_robot_interface/include/my_robot_interface/my_robot_interface/msg/detail/servo_state__struct.hpp
[0.606s] -- Up-to-date symlink: /home/huy/dev_ws/install/my_robot_interface/include/my_robot_interface/my_robot_interface/msg/detail/servo_state__traits.hpp
[0.606s] -- Up-to-date symlink: /home/huy/dev_ws/install/my_robot_interface/include/my_robot_interface/my_robot_interface/msg/servo.hpp
[0.606s] -- Up-to-date symlink: /home/huy/dev_ws/install/my_robot_interface/include/my_robot_interface/my_robot_interface/msg/servo_state.hpp
[0.607s] -- Up-to-date symlink: /home/huy/dev_ws/install/my_robot_interface/include/my_robot_interface/my_robot_interface/msg/detail/servo__rosidl_typesupport_fastrtps_cpp.hpp
[0.607s] -- Up-to-date symlink: /home/huy/dev_ws/install/my_robot_interface/include/my_robot_interface/my_robot_interface/msg/detail/servo_state__rosidl_typesupport_fastrtps_cpp.hpp
[0.607s] -- Up-to-date symlink: /home/huy/dev_ws/install/my_robot_interface/include/my_robot_interface/my_robot_interface/msg/rosidl_typesupport_fastrtps_cpp__visibility_control.h
[0.607s] -- Up-to-date symlink: /home/huy/dev_ws/install/my_robot_interface/include/my_robot_interface/my_robot_interface/msg/detail/servo__rosidl_typesupport_introspection_cpp.hpp
[0.607s] -- Up-to-date symlink: /home/huy/dev_ws/install/my_robot_interface/include/my_robot_interface/my_robot_interface/msg/detail/servo_state__rosidl_typesupport_introspection_cpp.hpp
[0.607s] -- Up-to-date symlink: /home/huy/dev_ws/install/my_robot_interface/share/my_robot_interface/environment/pythonpath.sh
[0.608s] -- Up-to-date symlink: /home/huy/dev_ws/install/my_robot_interface/share/my_robot_interface/environment/pythonpath.dsv
[0.608s] -- Up-to-date symlink: /home/huy/dev_ws/install/my_robot_interface/local/lib/python3.10/dist-packages/my_robot_interface-0.0.0-py3.10.egg-info/PKG-INFO
[0.608s] -- Up-to-date symlink: /home/huy/dev_ws/install/my_robot_interface/local/lib/python3.10/dist-packages/my_robot_interface-0.0.0-py3.10.egg-info/SOURCES.txt
[0.608s] -- Up-to-date symlink: /home/huy/dev_ws/install/my_robot_interface/local/lib/python3.10/dist-packages/my_robot_interface-0.0.0-py3.10.egg-info/dependency_links.txt
[0.608s] -- Up-to-date symlink: /home/huy/dev_ws/install/my_robot_interface/local/lib/python3.10/dist-packages/my_robot_interface-0.0.0-py3.10.egg-info/top_level.txt
[0.608s] -- Up-to-date symlink: /home/huy/dev_ws/install/my_robot_interface/local/lib/python3.10/dist-packages/my_robot_interface/__init__.py
[0.608s] -- Up-to-date symlink: /home/huy/dev_ws/install/my_robot_interface/local/lib/python3.10/dist-packages/my_robot_interface/_my_robot_interface_s.ep.rosidl_typesupport_c.c
[0.609s] -- Up-to-date symlink: /home/huy/dev_ws/install/my_robot_interface/local/lib/python3.10/dist-packages/my_robot_interface/_my_robot_interface_s.ep.rosidl_typesupport_fastrtps_c.c
[0.609s] -- Up-to-date symlink: /home/huy/dev_ws/install/my_robot_interface/local/lib/python3.10/dist-packages/my_robot_interface/_my_robot_interface_s.ep.rosidl_typesupport_introspection_c.c
[0.609s] -- Up-to-date symlink: /home/huy/dev_ws/install/my_robot_interface/local/lib/python3.10/dist-packages/my_robot_interface/libmy_robot_interface__rosidl_generator_py.so
[0.609s] -- Up-to-date symlink: /home/huy/dev_ws/install/my_robot_interface/local/lib/python3.10/dist-packages/my_robot_interface/msg/__init__.py
[0.609s] -- Up-to-date symlink: /home/huy/dev_ws/install/my_robot_interface/local/lib/python3.10/dist-packages/my_robot_interface/msg/_servo.py
[0.609s] -- Up-to-date symlink: /home/huy/dev_ws/install/my_robot_interface/local/lib/python3.10/dist-packages/my_robot_interface/msg/_servo_s.c
[0.609s] -- Up-to-date symlink: /home/huy/dev_ws/install/my_robot_interface/local/lib/python3.10/dist-packages/my_robot_interface/msg/_servo_state.py
[0.609s] -- Up-to-date symlink: /home/huy/dev_ws/install/my_robot_interface/local/lib/python3.10/dist-packages/my_robot_interface/msg/_servo_state_s.c
[0.609s] -- Up-to-date symlink: /home/huy/dev_ws/install/my_robot_interface/local/lib/python3.10/dist-packages/my_robot_interface/my_robot_interface_s__rosidl_typesupport_c.cpython-310-x86_64-linux-gnu.so
[0.609s] -- Up-to-date symlink: /home/huy/dev_ws/install/my_robot_interface/local/lib/python3.10/dist-packages/my_robot_interface/my_robot_interface_s__rosidl_typesupport_fastrtps_c.cpython-310-x86_64-linux-gnu.so
[0.609s] -- Up-to-date symlink: /home/huy/dev_ws/install/my_robot_interface/local/lib/python3.10/dist-packages/my_robot_interface/my_robot_interface_s__rosidl_typesupport_introspection_c.cpython-310-x86_64-linux-gnu.so
[0.610s] -- Up-to-date symlink: /home/huy/dev_ws/install/my_robot_interface/local/lib/python3.10/dist-packages/my_robot_interface/my_robot_interface_s__rosidl_typesupport_fastrtps_c.cpython-310-x86_64-linux-gnu.so
[0.610s] -- Up-to-date symlink: /home/huy/dev_ws/install/my_robot_interface/local/lib/python3.10/dist-packages/my_robot_interface/my_robot_interface_s__rosidl_typesupport_introspection_c.cpython-310-x86_64-linux-gnu.so
[0.610s] -- Up-to-date symlink: /home/huy/dev_ws/install/my_robot_interface/local/lib/python3.10/dist-packages/my_robot_interface/my_robot_interface_s__rosidl_typesupport_c.cpython-310-x86_64-linux-gnu.so
[0.610s] -- Up-to-date symlink: /home/huy/dev_ws/install/my_robot_interface/share/my_robot_interface/msg/ServoState.idl
[0.610s] -- Up-to-date symlink: /home/huy/dev_ws/install/my_robot_interface/share/my_robot_interface/msg/ServoState.msg
[0.610s] -- Up-to-date symlink: /home/huy/dev_ws/install/my_robot_interface/share/ament_index/resource_index/package_run_dependencies/my_robot_interface
[0.610s] -- Up-to-date symlink: /home/huy/dev_ws/install/my_robot_interface/share/ament_index/resource_index/parent_prefix_path/my_robot_interface
[0.611s] -- Up-to-date symlink: /home/huy/dev_ws/install/my_robot_interface/share/my_robot_interface/environment/ament_prefix_path.sh
[0.611s] -- Up-to-date symlink: /home/huy/dev_ws/install/my_robot_interface/share/my_robot_interface/environment/ament_prefix_path.dsv
[0.611s] -- Up-to-date symlink: /home/huy/dev_ws/install/my_robot_interface/share/my_robot_interface/environment/path.sh
[0.611s] -- Up-to-date symlink: /home/huy/dev_ws/install/my_robot_interface/share/my_robot_interface/environment/path.dsv
[0.611s] -- Up-to-date symlink: /home/huy/dev_ws/install/my_robot_interface/share/my_robot_interface/local_setup.bash
[0.611s] -- Up-to-date symlink: /home/huy/dev_ws/install/my_robot_interface/share/my_robot_interface/local_setup.sh
[0.611s] -- Up-to-date symlink: /home/huy/dev_ws/install/my_robot_interface/share/my_robot_interface/local_setup.zsh
[0.611s] -- Up-to-date symlink: /home/huy/dev_ws/install/my_robot_interface/share/my_robot_interface/local_setup.dsv
[0.611s] -- Symlinking: /home/huy/dev_ws/install/my_robot_interface/share/my_robot_interface/package.dsv
[0.620s] -- Up-to-date symlink: /home/huy/dev_ws/install/my_robot_interface/share/ament_index/resource_index/packages/my_robot_interface
[0.620s] -- Up-to-date symlink: /home/huy/dev_ws/install/my_robot_interface/share/my_robot_interface/cmake/rosidl_cmake-extras.cmake
[0.620s] -- Up-to-date symlink: /home/huy/dev_ws/install/my_robot_interface/share/my_robot_interface/cmake/ament_cmake_export_include_directories-extras.cmake
[0.621s] -- Up-to-date symlink: /home/huy/dev_ws/install/my_robot_interface/share/my_robot_interface/cmake/ament_cmake_export_libraries-extras.cmake
[0.621s] -- Up-to-date symlink: /home/huy/dev_ws/install/my_robot_interface/share/my_robot_interface/cmake/ament_cmake_export_targets-extras.cmake
[0.621s] -- Up-to-date symlink: /home/huy/dev_ws/install/my_robot_interface/share/my_robot_interface/cmake/rosidl_cmake_export_typesupport_targets-extras.cmake
[0.621s] -- Up-to-date symlink: /home/huy/dev_ws/install/my_robot_interface/share/my_robot_interface/cmake/ament_cmake_export_dependencies-extras.cmake
[0.621s] -- Up-to-date symlink: /home/huy/dev_ws/install/my_robot_interface/share/my_robot_interface/cmake/rosidl_cmake_export_typesupport_libraries-extras.cmake
[0.621s] -- Up-to-date symlink: /home/huy/dev_ws/install/my_robot_interface/share/my_robot_interface/cmake/my_robot_interfaceConfig.cmake
[0.621s] -- Up-to-date symlink: /home/huy/dev_ws/install/my_robot_interface/share/my_robot_interface/cmake/my_robot_interfaceConfig-version.cmake
[0.621s] -- Up-to-date symlink: /home/huy/dev_ws/install/my_robot_interface/share/my_robot_interface/package.xml
[0.621s] -- Up-to-date: /home/huy/dev_ws/install/my_robot_interface/lib/libmy_robot_interface__rosidl_generator_c.so
[0.622s] -- Up-to-date: /home/huy/dev_ws/install/my_robot_interface/lib/libmy_robot_interface__rosidl_typesupport_fastrtps_c.so
[0.622s] -- Up-to-date: /home/huy/dev_ws/install/my_robot_interface/lib/libmy_robot_interface__rosidl_typesupport_introspection_c.so
[0.622s] -- Up-to-date: /home/huy/dev_ws/install/my_robot_interface/lib/libmy_robot_interface__rosidl_typesupport_c.so
[0.622s] -- Up-to-date: /home/huy/dev_ws/install/my_robot_interface/lib/libmy_robot_interface__rosidl_typesupport_fastrtps_cpp.so
[0.623s] -- Up-to-date: /home/huy/dev_ws/install/my_robot_interface/lib/libmy_robot_interface__rosidl_typesupport_introspection_cpp.so
[0.624s] -- Up-to-date: /home/huy/dev_ws/install/my_robot_interface/lib/libmy_robot_interface__rosidl_typesupport_cpp.so
[0.648s] Listing '/home/huy/dev_ws/install/my_robot_interface/local/lib/python3.10/dist-packages/my_robot_interface'...
[0.649s] Listing '/home/huy/dev_ws/install/my_robot_interface/local/lib/python3.10/dist-packages/my_robot_interface/msg'...
[0.651s] -- Up-to-date: /home/huy/dev_ws/install/my_robot_interface/lib/libmy_robot_interface__rosidl_generator_py.so
[0.652s] -- Up-to-date: /home/huy/dev_ws/install/my_robot_interface/share/my_robot_interface/cmake/export_my_robot_interface__rosidl_generator_cExport.cmake
[0.652s] -- Up-to-date: /home/huy/dev_ws/install/my_robot_interface/share/my_robot_interface/cmake/export_my_robot_interface__rosidl_generator_cExport-noconfig.cmake
[0.652s] -- Up-to-date: /home/huy/dev_ws/install/my_robot_interface/share/my_robot_interface/cmake/export_my_robot_interface__rosidl_typesupport_fastrtps_cExport.cmake
[0.652s] -- Up-to-date: /home/huy/dev_ws/install/my_robot_interface/share/my_robot_interface/cmake/export_my_robot_interface__rosidl_typesupport_fastrtps_cExport-noconfig.cmake
[0.652s] -- Up-to-date: /home/huy/dev_ws/install/my_robot_interface/share/my_robot_interface/cmake/my_robot_interface__rosidl_typesupport_introspection_cExport.cmake
[0.652s] -- Up-to-date: /home/huy/dev_ws/install/my_robot_interface/share/my_robot_interface/cmake/my_robot_interface__rosidl_typesupport_introspection_cExport-noconfig.cmake
[0.652s] -- Up-to-date: /home/huy/dev_ws/install/my_robot_interface/share/my_robot_interface/cmake/my_robot_interface__rosidl_typesupport_cExport.cmake
[0.652s] -- Up-to-date: /home/huy/dev_ws/install/my_robot_interface/share/my_robot_interface/cmake/my_robot_interface__rosidl_typesupport_cExport-noconfig.cmake
[0.652s] -- Up-to-date: /home/huy/dev_ws/install/my_robot_interface/share/my_robot_interface/cmake/export_my_robot_interface__rosidl_generator_cppExport.cmake
[0.652s] -- Up-to-date: /home/huy/dev_ws/install/my_robot_interface/share/my_robot_interface/cmake/export_my_robot_interface__rosidl_typesupport_fastrtps_cppExport.cmake
[0.653s] -- Up-to-date: /home/huy/dev_ws/install/my_robot_interface/share/my_robot_interface/cmake/export_my_robot_interface__rosidl_typesupport_fastrtps_cppExport-noconfig.cmake
[0.653s] -- Up-to-date: /home/huy/dev_ws/install/my_robot_interface/share/my_robot_interface/cmake/my_robot_interface__rosidl_typesupport_introspection_cppExport.cmake
[0.653s] -- Up-to-date: /home/huy/dev_ws/install/my_robot_interface/share/my_robot_interface/cmake/my_robot_interface__rosidl_typesupport_introspection_cppExport-noconfig.cmake
[0.653s] -- Up-to-date: /home/huy/dev_ws/install/my_robot_interface/share/my_robot_interface/cmake/my_robot_interface__rosidl_typesupport_cppExport.cmake
[0.653s] -- Up-to-date: /home/huy/dev_ws/install/my_robot_interface/share/my_robot_interface/cmake/my_robot_interface__rosidl_typesupport_cppExport-noconfig.cmake
[0.653s] -- Up-to-date: /home/huy/dev_ws/install/my_robot_interface/share/my_robot_interface/cmake/export_my_robot_interface__rosidl_generator_pyExport.cmake
[0.653s] -- Up-to-date: /home/huy/dev_ws/install/my_robot_interface/share/my_robot_interface/cmake/export_my_robot_interface__rosidl_generator_pyExport-noconfig.cmake
[0.655s] Invoked command in '/home/huy/dev_ws/build/my_robot_interface' returned '0': CMAKE_PREFIX_PATH=${CMAKE_PREFIX_PATH}:/home/huy/dev_ws/install/my_robot_controller:/home/huy/services_ws/install/my_services_pkg:/home/huy/ros2_ws/install/my_robot_controller:/opt/ros/humble /usr/bin/cmake --install /home/huy/dev_ws/build/my_robot_interface
