[0.280s] Invoking command in '/home/huy/dev_ws/build/my_robot_interface': CMAKE_PREFIX_PATH=${CMAKE_PREFIX_PATH}:/home/huy/dev_ws/install/my_robot_controller:/home/huy/services_ws/install/my_services_pkg:/home/huy/ros2_ws/install/my_robot_controller:/opt/ros/humble /usr/bin/cmake /home/huy/dev_ws/src/my_robot_interface -DAMENT_CMAKE_SYMLINK_INSTALL=1 -DCMAKE_INSTALL_PREFIX=/home/huy/dev_ws/install/my_robot_interface
[0.344s] -- Found ament_cmake: 1.3.8 (/opt/ros/humble/share/ament_cmake/cmake)
[0.434s] -- Override CMake install command with custom implementation using symlinks instead of copying resources
[0.450s] -- Found rosidl_default_generators: 1.2.0 (/opt/ros/humble/share/rosidl_default_generators/cmake)
[0.451s] -- Using all available rosidl_typesupport_c: rosidl_typesupport_fastrtps_c;rosidl_typesupport_introspection_c
[0.453s] -- Found rosidl_adapter: 3.1.5 (/opt/ros/humble/share/rosidl_adapter/cmake)
[0.476s] -- Using all available rosidl_typesupport_cpp: rosidl_typesupport_fastrtps_cpp;rosidl_typesupport_introspection_cpp
[0.874s] -- Found ament_cmake_ros: 0.10.0 (/opt/ros/humble/share/ament_cmake_ros/cmake)
[1.227s] -- Using all available rosidl_typesupport_c: rosidl_typesupport_fastrtps_c;rosidl_typesupport_introspection_c
[1.449s] -- Using all available rosidl_typesupport_cpp: rosidl_typesupport_fastrtps_cpp;rosidl_typesupport_introspection_cpp
[1.558s] -- Found python_cmake_module: 0.10.0 (/opt/ros/humble/share/python_cmake_module/cmake)
[1.598s] -- Using PYTHON_EXECUTABLE: /usr/bin/python3
[1.598s] -- Using PYTHON_INCLUDE_DIRS: /usr/include/python3.10
[1.598s] -- Using PYTHON_LIBRARIES: /usr/lib/x86_64-linux-gnu/libpython3.10.so
[1.711s] -- Configuring done
[1.850s] -- Generating done
[1.855s] -- Build files have been written to: /home/huy/dev_ws/build/my_robot_interface
[1.861s] Invoked command in '/home/huy/dev_ws/build/my_robot_interface' returned '0': CMAKE_PREFIX_PATH=${CMAKE_PREFIX_PATH}:/home/huy/dev_ws/install/my_robot_controller:/home/huy/services_ws/install/my_services_pkg:/home/huy/ros2_ws/install/my_robot_controller:/opt/ros/humble /usr/bin/cmake /home/huy/dev_ws/src/my_robot_interface -DAMENT_CMAKE_SYMLINK_INSTALL=1 -DCMAKE_INSTALL_PREFIX=/home/huy/dev_ws/install/my_robot_interface
[1.862s] Invoking command in '/home/huy/dev_ws/build/my_robot_interface': CMAKE_PREFIX_PATH=${CMAKE_PREFIX_PATH}:/home/huy/dev_ws/install/my_robot_controller:/home/huy/services_ws/install/my_services_pkg:/home/huy/ros2_ws/install/my_robot_controller:/opt/ros/humble /usr/bin/cmake --build /home/huy/dev_ws/build/my_robot_interface -- -j16 -l16
[1.910s] [  3%] Built target my_robot_interface__cpp
[1.917s] [35m[1mConsolidate compiler generated dependencies of target my_robot_interface__rosidl_generator_c[0m
[1.930s] [ 12%] Built target my_robot_interface__rosidl_generator_c
[1.940s] [ 12%] Built target ament_cmake_python_symlink_my_robot_interface
[1.947s] [35m[1mConsolidate compiler generated dependencies of target my_robot_interface__rosidl_typesupport_cpp[0m
[1.947s] [35m[1mConsolidate compiler generated dependencies of target my_robot_interface__rosidl_typesupport_fastrtps_cpp[0m
[1.947s] [35m[1mConsolidate compiler generated dependencies of target my_robot_interface__rosidl_typesupport_introspection_cpp[0m
[1.948s] [35m[1mConsolidate compiler generated dependencies of target my_robot_interface__rosidl_typesupport_fastrtps_c[0m
[1.948s] [35m[1mConsolidate compiler generated dependencies of target my_robot_interface__rosidl_typesupport_introspection_c[0m
[1.948s] [35m[1mConsolidate compiler generated dependencies of target my_robot_interface__rosidl_typesupport_c[0m
[1.961s] [ 45%] Built target my_robot_interface__rosidl_typesupport_cpp
[1.961s] [ 45%] Built target my_robot_interface__rosidl_typesupport_fastrtps_cpp
[1.961s] [ 45%] Built target my_robot_interface__rosidl_typesupport_introspection_c
[1.961s] [ 51%] Built target my_robot_interface__rosidl_typesupport_c
[1.961s] [ 67%] Built target my_robot_interface__rosidl_typesupport_introspection_cpp
[1.961s] [ 70%] Built target my_robot_interface__rosidl_typesupport_fastrtps_c
[1.982s] [ 70%] Built target my_robot_interface
[2.003s] [ 74%] Built target my_robot_interface__py
[2.015s] [35m[1mConsolidate compiler generated dependencies of target my_robot_interface__rosidl_generator_py[0m
[2.029s] [ 80%] Built target my_robot_interface__rosidl_generator_py
[2.090s] [35m[1mConsolidate compiler generated dependencies of target my_robot_interface__rosidl_typesupport_c__pyext[0m
[2.116s] [35m[1mConsolidate compiler generated dependencies of target my_robot_interface__rosidl_typesupport_introspection_c__pyext[0m
[2.129s] [ 87%] Built target my_robot_interface__rosidl_typesupport_c__pyext
[2.131s] [35m[1mConsolidate compiler generated dependencies of target my_robot_interface__rosidl_typesupport_fastrtps_c__pyext[0m
[2.143s] [ 93%] Built target my_robot_interface__rosidl_typesupport_introspection_c__pyext
[2.143s] [100%] Built target my_robot_interface__rosidl_typesupport_fastrtps_c__pyext
[2.150s] running egg_info
[2.151s] writing my_robot_interface.egg-info/PKG-INFO
[2.151s] writing dependency_links to my_robot_interface.egg-info/dependency_links.txt
[2.151s] writing top-level names to my_robot_interface.egg-info/top_level.txt
[2.152s] reading manifest file 'my_robot_interface.egg-info/SOURCES.txt'
[2.158s] writing manifest file 'my_robot_interface.egg-info/SOURCES.txt'
[2.179s] [100%] Built target ament_cmake_python_build_my_robot_interface_egg
[2.190s] Invoked command in '/home/huy/dev_ws/build/my_robot_interface' returned '0': CMAKE_PREFIX_PATH=${CMAKE_PREFIX_PATH}:/home/huy/dev_ws/install/my_robot_controller:/home/huy/services_ws/install/my_services_pkg:/home/huy/ros2_ws/install/my_robot_controller:/opt/ros/humble /usr/bin/cmake --build /home/huy/dev_ws/build/my_robot_interface -- -j16 -l16
[2.267s] Invoking command in '/home/huy/dev_ws/build/my_robot_interface': CMAKE_PREFIX_PATH=${CMAKE_PREFIX_PATH}:/home/huy/dev_ws/install/my_robot_controller:/home/huy/services_ws/install/my_services_pkg:/home/huy/ros2_ws/install/my_robot_controller:/opt/ros/humble /usr/bin/cmake --install /home/huy/dev_ws/build/my_robot_interface
[2.274s] -- Install configuration: ""
[2.274s] -- Execute custom install script
[2.283s] -- Up-to-date symlink: /home/huy/dev_ws/install/my_robot_interface/share/ament_index/resource_index/rosidl_interfaces/my_robot_interface
[2.283s] -- Up-to-date symlink: /home/huy/dev_ws/install/my_robot_interface/include/my_robot_interface/my_robot_interface/msg/detail/servo__functions.h
[2.284s] -- Up-to-date symlink: /home/huy/dev_ws/install/my_robot_interface/include/my_robot_interface/my_robot_interface/msg/detail/servo__struct.h
[2.284s] -- Up-to-date symlink: /home/huy/dev_ws/install/my_robot_interface/include/my_robot_interface/my_robot_interface/msg/detail/servo__type_support.h
[2.284s] -- Up-to-date symlink: /home/huy/dev_ws/install/my_robot_interface/include/my_robot_interface/my_robot_interface/msg/detail/servo_state__functions.h
[2.284s] -- Up-to-date symlink: /home/huy/dev_ws/install/my_robot_interface/include/my_robot_interface/my_robot_interface/msg/detail/servo_state__struct.h
[2.284s] -- Up-to-date symlink: /home/huy/dev_ws/install/my_robot_interface/include/my_robot_interface/my_robot_interface/msg/detail/servo_state__type_support.h
[2.284s] -- Up-to-date symlink: /home/huy/dev_ws/install/my_robot_interface/include/my_robot_interface/my_robot_interface/msg/rosidl_generator_c__visibility_control.h
[2.284s] -- Up-to-date symlink: /home/huy/dev_ws/install/my_robot_interface/include/my_robot_interface/my_robot_interface/msg/servo.h
[2.284s] -- Up-to-date symlink: /home/huy/dev_ws/install/my_robot_interface/include/my_robot_interface/my_robot_interface/msg/servo_state.h
[2.285s] -- Up-to-date symlink: /home/huy/dev_ws/install/my_robot_interface/share/my_robot_interface/environment/library_path.sh
[2.285s] -- Up-to-date symlink: /home/huy/dev_ws/install/my_robot_interface/share/my_robot_interface/environment/library_path.dsv
[2.285s] -- Up-to-date symlink: /home/huy/dev_ws/install/my_robot_interface/include/my_robot_interface/my_robot_interface/msg/detail/servo__rosidl_typesupport_fastrtps_c.h
[2.285s] -- Up-to-date symlink: /home/huy/dev_ws/install/my_robot_interface/include/my_robot_interface/my_robot_interface/msg/detail/servo_state__rosidl_typesupport_fastrtps_c.h
[2.285s] -- Up-to-date symlink: /home/huy/dev_ws/install/my_robot_interface/include/my_robot_interface/my_robot_interface/msg/rosidl_typesupport_fastrtps_c__visibility_control.h
[2.286s] -- Up-to-date symlink: /home/huy/dev_ws/install/my_robot_interface/include/my_robot_interface/my_robot_interface/msg/detail/servo__rosidl_typesupport_introspection_c.h
[2.286s] -- Up-to-date symlink: /home/huy/dev_ws/install/my_robot_interface/include/my_robot_interface/my_robot_interface/msg/detail/servo_state__rosidl_typesupport_introspection_c.h
[2.286s] -- Up-to-date symlink: /home/huy/dev_ws/install/my_robot_interface/include/my_robot_interface/my_robot_interface/msg/rosidl_typesupport_introspection_c__visibility_control.h
[2.286s] -- Up-to-date symlink: /home/huy/dev_ws/install/my_robot_interface/include/my_robot_interface/my_robot_interface/msg/detail/servo__builder.hpp
[2.286s] -- Up-to-date symlink: /home/huy/dev_ws/install/my_robot_interface/include/my_robot_interface/my_robot_interface/msg/detail/servo__struct.hpp
[2.286s] -- Up-to-date symlink: /home/huy/dev_ws/install/my_robot_interface/include/my_robot_interface/my_robot_interface/msg/detail/servo__traits.hpp
[2.286s] -- Up-to-date symlink: /home/huy/dev_ws/install/my_robot_interface/include/my_robot_interface/my_robot_interface/msg/detail/servo_state__builder.hpp
[2.287s] -- Up-to-date symlink: /home/huy/dev_ws/install/my_robot_interface/include/my_robot_interface/my_robot_interface/msg/detail/servo_state__struct.hpp
[2.287s] -- Up-to-date symlink: /home/huy/dev_ws/install/my_robot_interface/include/my_robot_interface/my_robot_interface/msg/detail/servo_state__traits.hpp
[2.287s] -- Up-to-date symlink: /home/huy/dev_ws/install/my_robot_interface/include/my_robot_interface/my_robot_interface/msg/servo.hpp
[2.287s] -- Up-to-date symlink: /home/huy/dev_ws/install/my_robot_interface/include/my_robot_interface/my_robot_interface/msg/servo_state.hpp
[2.287s] -- Up-to-date symlink: /home/huy/dev_ws/install/my_robot_interface/include/my_robot_interface/my_robot_interface/msg/detail/servo__rosidl_typesupport_fastrtps_cpp.hpp
[2.287s] -- Up-to-date symlink: /home/huy/dev_ws/install/my_robot_interface/include/my_robot_interface/my_robot_interface/msg/detail/servo_state__rosidl_typesupport_fastrtps_cpp.hpp
[2.287s] -- Up-to-date symlink: /home/huy/dev_ws/install/my_robot_interface/include/my_robot_interface/my_robot_interface/msg/rosidl_typesupport_fastrtps_cpp__visibility_control.h
[2.288s] -- Up-to-date symlink: /home/huy/dev_ws/install/my_robot_interface/include/my_robot_interface/my_robot_interface/msg/detail/servo__rosidl_typesupport_introspection_cpp.hpp
[2.288s] -- Up-to-date symlink: /home/huy/dev_ws/install/my_robot_interface/include/my_robot_interface/my_robot_interface/msg/detail/servo_state__rosidl_typesupport_introspection_cpp.hpp
[2.288s] -- Up-to-date symlink: /home/huy/dev_ws/install/my_robot_interface/share/my_robot_interface/environment/pythonpath.sh
[2.288s] -- Up-to-date symlink: /home/huy/dev_ws/install/my_robot_interface/share/my_robot_interface/environment/pythonpath.dsv
[2.288s] -- Up-to-date symlink: /home/huy/dev_ws/install/my_robot_interface/local/lib/python3.10/dist-packages/my_robot_interface-0.0.0-py3.10.egg-info/PKG-INFO
[2.288s] -- Up-to-date symlink: /home/huy/dev_ws/install/my_robot_interface/local/lib/python3.10/dist-packages/my_robot_interface-0.0.0-py3.10.egg-info/SOURCES.txt
[2.288s] -- Up-to-date symlink: /home/huy/dev_ws/install/my_robot_interface/local/lib/python3.10/dist-packages/my_robot_interface-0.0.0-py3.10.egg-info/dependency_links.txt
[2.289s] -- Up-to-date symlink: /home/huy/dev_ws/install/my_robot_interface/local/lib/python3.10/dist-packages/my_robot_interface-0.0.0-py3.10.egg-info/top_level.txt
[2.289s] -- Up-to-date symlink: /home/huy/dev_ws/install/my_robot_interface/local/lib/python3.10/dist-packages/my_robot_interface/__init__.py
[2.289s] -- Up-to-date symlink: /home/huy/dev_ws/install/my_robot_interface/local/lib/python3.10/dist-packages/my_robot_interface/_my_robot_interface_s.ep.rosidl_typesupport_c.c
[2.289s] -- Up-to-date symlink: /home/huy/dev_ws/install/my_robot_interface/local/lib/python3.10/dist-packages/my_robot_interface/_my_robot_interface_s.ep.rosidl_typesupport_fastrtps_c.c
[2.289s] -- Up-to-date symlink: /home/huy/dev_ws/install/my_robot_interface/local/lib/python3.10/dist-packages/my_robot_interface/_my_robot_interface_s.ep.rosidl_typesupport_introspection_c.c
[2.289s] -- Up-to-date symlink: /home/huy/dev_ws/install/my_robot_interface/local/lib/python3.10/dist-packages/my_robot_interface/libmy_robot_interface__rosidl_generator_py.so
[2.289s] -- Up-to-date symlink: /home/huy/dev_ws/install/my_robot_interface/local/lib/python3.10/dist-packages/my_robot_interface/msg/__init__.py
[2.289s] -- Up-to-date symlink: /home/huy/dev_ws/install/my_robot_interface/local/lib/python3.10/dist-packages/my_robot_interface/msg/_servo.py
[2.290s] -- Up-to-date symlink: /home/huy/dev_ws/install/my_robot_interface/local/lib/python3.10/dist-packages/my_robot_interface/msg/_servo_s.c
[2.290s] -- Up-to-date symlink: /home/huy/dev_ws/install/my_robot_interface/local/lib/python3.10/dist-packages/my_robot_interface/msg/_servo_state.py
[2.290s] -- Up-to-date symlink: /home/huy/dev_ws/install/my_robot_interface/local/lib/python3.10/dist-packages/my_robot_interface/msg/_servo_state_s.c
[2.290s] -- Up-to-date symlink: /home/huy/dev_ws/install/my_robot_interface/local/lib/python3.10/dist-packages/my_robot_interface/my_robot_interface_s__rosidl_typesupport_c.cpython-310-x86_64-linux-gnu.so
[2.290s] -- Up-to-date symlink: /home/huy/dev_ws/install/my_robot_interface/local/lib/python3.10/dist-packages/my_robot_interface/my_robot_interface_s__rosidl_typesupport_fastrtps_c.cpython-310-x86_64-linux-gnu.so
[2.290s] -- Up-to-date symlink: /home/huy/dev_ws/install/my_robot_interface/local/lib/python3.10/dist-packages/my_robot_interface/my_robot_interface_s__rosidl_typesupport_introspection_c.cpython-310-x86_64-linux-gnu.so
[2.290s] -- Up-to-date symlink: /home/huy/dev_ws/install/my_robot_interface/local/lib/python3.10/dist-packages/my_robot_interface/my_robot_interface_s__rosidl_typesupport_fastrtps_c.cpython-310-x86_64-linux-gnu.so
[2.290s] -- Up-to-date symlink: /home/huy/dev_ws/install/my_robot_interface/local/lib/python3.10/dist-packages/my_robot_interface/my_robot_interface_s__rosidl_typesupport_introspection_c.cpython-310-x86_64-linux-gnu.so
[2.291s] -- Up-to-date symlink: /home/huy/dev_ws/install/my_robot_interface/local/lib/python3.10/dist-packages/my_robot_interface/my_robot_interface_s__rosidl_typesupport_c.cpython-310-x86_64-linux-gnu.so
[2.308s] -- Up-to-date symlink: /home/huy/dev_ws/install/my_robot_interface/share/my_robot_interface/msg/ServoState.idl
[2.308s] -- Up-to-date symlink: /home/huy/dev_ws/install/my_robot_interface/share/my_robot_interface/msg/ServoState.msg
[2.308s] -- Up-to-date symlink: /home/huy/dev_ws/install/my_robot_interface/share/ament_index/resource_index/package_run_dependencies/my_robot_interface
[2.309s] -- Up-to-date symlink: /home/huy/dev_ws/install/my_robot_interface/share/ament_index/resource_index/parent_prefix_path/my_robot_interface
[2.309s] -- Up-to-date symlink: /home/huy/dev_ws/install/my_robot_interface/share/my_robot_interface/environment/ament_prefix_path.sh
[2.309s] -- Up-to-date symlink: /home/huy/dev_ws/install/my_robot_interface/share/my_robot_interface/environment/ament_prefix_path.dsv
[2.309s] -- Up-to-date symlink: /home/huy/dev_ws/install/my_robot_interface/share/my_robot_interface/environment/path.sh
[2.310s] -- Up-to-date symlink: /home/huy/dev_ws/install/my_robot_interface/share/my_robot_interface/environment/path.dsv
[2.310s] -- Up-to-date symlink: /home/huy/dev_ws/install/my_robot_interface/share/my_robot_interface/local_setup.bash
[2.310s] -- Up-to-date symlink: /home/huy/dev_ws/install/my_robot_interface/share/my_robot_interface/local_setup.sh
[2.311s] -- Up-to-date symlink: /home/huy/dev_ws/install/my_robot_interface/share/my_robot_interface/local_setup.zsh
[2.311s] -- Up-to-date symlink: /home/huy/dev_ws/install/my_robot_interface/share/my_robot_interface/local_setup.dsv
[2.311s] -- Symlinking: /home/huy/dev_ws/install/my_robot_interface/share/my_robot_interface/package.dsv
[2.321s] -- Up-to-date symlink: /home/huy/dev_ws/install/my_robot_interface/share/ament_index/resource_index/packages/my_robot_interface
[2.321s] -- Up-to-date symlink: /home/huy/dev_ws/install/my_robot_interface/share/my_robot_interface/cmake/rosidl_cmake-extras.cmake
[2.321s] -- Up-to-date symlink: /home/huy/dev_ws/install/my_robot_interface/share/my_robot_interface/cmake/ament_cmake_export_include_directories-extras.cmake
[2.322s] -- Up-to-date symlink: /home/huy/dev_ws/install/my_robot_interface/share/my_robot_interface/cmake/ament_cmake_export_libraries-extras.cmake
[2.322s] -- Up-to-date symlink: /home/huy/dev_ws/install/my_robot_interface/share/my_robot_interface/cmake/ament_cmake_export_targets-extras.cmake
[2.322s] -- Up-to-date symlink: /home/huy/dev_ws/install/my_robot_interface/share/my_robot_interface/cmake/rosidl_cmake_export_typesupport_targets-extras.cmake
[2.323s] -- Up-to-date symlink: /home/huy/dev_ws/install/my_robot_interface/share/my_robot_interface/cmake/ament_cmake_export_dependencies-extras.cmake
[2.323s] -- Up-to-date symlink: /home/huy/dev_ws/install/my_robot_interface/share/my_robot_interface/cmake/rosidl_cmake_export_typesupport_libraries-extras.cmake
[2.323s] -- Up-to-date symlink: /home/huy/dev_ws/install/my_robot_interface/share/my_robot_interface/cmake/my_robot_interfaceConfig.cmake
[2.324s] -- Up-to-date symlink: /home/huy/dev_ws/install/my_robot_interface/share/my_robot_interface/cmake/my_robot_interfaceConfig-version.cmake
[2.324s] -- Up-to-date symlink: /home/huy/dev_ws/install/my_robot_interface/share/my_robot_interface/package.xml
[2.331s] -- Up-to-date: /home/huy/dev_ws/install/my_robot_interface/lib/libmy_robot_interface__rosidl_generator_c.so
[2.332s] -- Up-to-date: /home/huy/dev_ws/install/my_robot_interface/lib/libmy_robot_interface__rosidl_typesupport_fastrtps_c.so
[2.333s] -- Up-to-date: /home/huy/dev_ws/install/my_robot_interface/lib/libmy_robot_interface__rosidl_typesupport_introspection_c.so
[2.333s] -- Up-to-date: /home/huy/dev_ws/install/my_robot_interface/lib/libmy_robot_interface__rosidl_typesupport_c.so
[2.334s] -- Up-to-date: /home/huy/dev_ws/install/my_robot_interface/lib/libmy_robot_interface__rosidl_typesupport_fastrtps_cpp.so
[2.334s] -- Up-to-date: /home/huy/dev_ws/install/my_robot_interface/lib/libmy_robot_interface__rosidl_typesupport_introspection_cpp.so
[2.335s] -- Up-to-date: /home/huy/dev_ws/install/my_robot_interface/lib/libmy_robot_interface__rosidl_typesupport_cpp.so
[2.400s] Listing '/home/huy/dev_ws/install/my_robot_interface/local/lib/python3.10/dist-packages/my_robot_interface'...
[2.400s] Compiling '/home/huy/dev_ws/install/my_robot_interface/local/lib/python3.10/dist-packages/my_robot_interface/__init__.py'...
[2.400s] Listing '/home/huy/dev_ws/install/my_robot_interface/local/lib/python3.10/dist-packages/my_robot_interface/msg'...
[2.404s] -- Up-to-date: /home/huy/dev_ws/install/my_robot_interface/lib/libmy_robot_interface__rosidl_generator_py.so
[2.404s] -- Up-to-date: /home/huy/dev_ws/install/my_robot_interface/share/my_robot_interface/cmake/export_my_robot_interface__rosidl_generator_cExport.cmake
[2.404s] -- Up-to-date: /home/huy/dev_ws/install/my_robot_interface/share/my_robot_interface/cmake/export_my_robot_interface__rosidl_generator_cExport-noconfig.cmake
[2.404s] -- Up-to-date: /home/huy/dev_ws/install/my_robot_interface/share/my_robot_interface/cmake/export_my_robot_interface__rosidl_typesupport_fastrtps_cExport.cmake
[2.404s] -- Up-to-date: /home/huy/dev_ws/install/my_robot_interface/share/my_robot_interface/cmake/export_my_robot_interface__rosidl_typesupport_fastrtps_cExport-noconfig.cmake
[2.405s] -- Up-to-date: /home/huy/dev_ws/install/my_robot_interface/share/my_robot_interface/cmake/my_robot_interface__rosidl_typesupport_introspection_cExport.cmake
[2.405s] -- Up-to-date: /home/huy/dev_ws/install/my_robot_interface/share/my_robot_interface/cmake/my_robot_interface__rosidl_typesupport_introspection_cExport-noconfig.cmake
[2.405s] -- Up-to-date: /home/huy/dev_ws/install/my_robot_interface/share/my_robot_interface/cmake/my_robot_interface__rosidl_typesupport_cExport.cmake
[2.405s] -- Up-to-date: /home/huy/dev_ws/install/my_robot_interface/share/my_robot_interface/cmake/my_robot_interface__rosidl_typesupport_cExport-noconfig.cmake
[2.405s] -- Up-to-date: /home/huy/dev_ws/install/my_robot_interface/share/my_robot_interface/cmake/export_my_robot_interface__rosidl_generator_cppExport.cmake
[2.405s] -- Up-to-date: /home/huy/dev_ws/install/my_robot_interface/share/my_robot_interface/cmake/export_my_robot_interface__rosidl_typesupport_fastrtps_cppExport.cmake
[2.406s] -- Up-to-date: /home/huy/dev_ws/install/my_robot_interface/share/my_robot_interface/cmake/export_my_robot_interface__rosidl_typesupport_fastrtps_cppExport-noconfig.cmake
[2.406s] -- Up-to-date: /home/huy/dev_ws/install/my_robot_interface/share/my_robot_interface/cmake/my_robot_interface__rosidl_typesupport_introspection_cppExport.cmake
[2.406s] -- Up-to-date: /home/huy/dev_ws/install/my_robot_interface/share/my_robot_interface/cmake/my_robot_interface__rosidl_typesupport_introspection_cppExport-noconfig.cmake
[2.406s] -- Up-to-date: /home/huy/dev_ws/install/my_robot_interface/share/my_robot_interface/cmake/my_robot_interface__rosidl_typesupport_cppExport.cmake
[2.406s] -- Up-to-date: /home/huy/dev_ws/install/my_robot_interface/share/my_robot_interface/cmake/my_robot_interface__rosidl_typesupport_cppExport-noconfig.cmake
[2.406s] -- Up-to-date: /home/huy/dev_ws/install/my_robot_interface/share/my_robot_interface/cmake/export_my_robot_interface__rosidl_generator_pyExport.cmake
[2.406s] -- Up-to-date: /home/huy/dev_ws/install/my_robot_interface/share/my_robot_interface/cmake/export_my_robot_interface__rosidl_generator_pyExport-noconfig.cmake
[2.409s] Invoked command in '/home/huy/dev_ws/build/my_robot_interface' returned '0': CMAKE_PREFIX_PATH=${CMAKE_PREFIX_PATH}:/home/huy/dev_ws/install/my_robot_controller:/home/huy/services_ws/install/my_services_pkg:/home/huy/ros2_ws/install/my_robot_controller:/opt/ros/humble /usr/bin/cmake --install /home/huy/dev_ws/build/my_robot_interface
